
Filename:          c:\user\c\lise_pp_76\lisepp_install\install\bin\isomer.dbf
Header length:     673
Number of fields:  20
Version:           dBASE III
Updated:           01/11/06
Number of records: 1854
Record length:     178


        FILE STRUCTURE

  # FIELD NAME TYPE  LEN   DEC
--------------------------------
  1 INDEX        C   10     0
  2 A            C    4     0
  3 Z            C    4     0
  4 E-GAMMA      C    8     0
  5 D_EG         C    7     0
  6 IT-RATIO     C    7     0
  7 D_IT-RATIO   C    7     0
  8 T12          C   10     0
  9 D_T12        C    9     0
 10 LEVEL        C    9     0
 11 D_LEVEL      C    9     0
 12 JPI          C   12     0
 13 I-GAMMA      C    7     0
 14 D_IG         C    6     0
 15 M-GAMMA      C    9     0
 16 M-RATIO      C    8     0
 17 D_MRATIO     C    8     0
 18 CONVCF       C    8     0
 19 D_CONV       C    8     0
 20 SOURCE       C   27     0
